0 info it worked if it ends with ok
1 verbose cli [ '/home/ubuntu/.nvm/versions/node/v4.6.1/bin/node',
1 verbose cli   '/home/ubuntu/.nvm/versions/node/v4.6.1/bin/npm',
1 verbose cli   'dist-tag',
1 verbose cli   'ls',
1 verbose cli   '[votingapptest]' ]
2 info using npm@2.15.9
3 info using node@v4.6.1
4 silly mapToRegistry name [votingapptest]
5 silly mapToRegistry using default registry
6 silly mapToRegistry registry https://registry.npmjs.org/
7 silly mapToRegistry data Result {
7 silly mapToRegistry   raw: '[votingapptest]',
7 silly mapToRegistry   scope: null,
7 silly mapToRegistry   name: null,
7 silly mapToRegistry   rawSpec: '[votingapptest]',
7 silly mapToRegistry   spec: '/home/ubuntu/workspace/votingappTest/[votingapptest]',
7 silly mapToRegistry   type: 'local' }
8 silly mapToRegistry uri https://registry.npmjs.org/[votingapptest]
9 verbose request uri https://registry.npmjs.org/-/package/[votingapptest]/dist-tags
10 verbose request no auth needed
11 info attempt registry request try #1 at 1:40:31 PM
12 verbose request id bcdcd609010e5d37
13 http request GET https://registry.npmjs.org/-/package/[votingapptest]/dist-tags
14 http 403 https://registry.npmjs.org/-/package/[votingapptest]/dist-tags
15 verbose headers { 'content-type': 'application/json',
15 verbose headers   'cache-control': 'max-age=300',
15 verbose headers   'content-length': '99',
15 verbose headers   'accept-ranges': 'bytes',
15 verbose headers   date: 'Sat, 01 Apr 2017 13:40:32 GMT',
15 verbose headers   via: '1.1 varnish',
15 verbose headers   connection: 'keep-alive',
15 verbose headers   'x-served-by': 'cache-lhr6338-LHR',
15 verbose headers   'x-cache': 'MISS',
15 verbose headers   'x-cache-hits': '0',
15 verbose headers   'x-timer': 'S1491054031.577120,VS0,VE503',
15 verbose headers   vary: 'Accept-Encoding' }
16 error dist-tag ls Couldn't get dist-tag data for [votingapptest]
17 verbose stack Error: Registry returned 403 for GET on https://registry.npmjs.org/-/package/[votingapptest]/dist-tags
17 verbose stack     at makeError (/home/ubuntu/.nvm/versions/node/v4.6.1/lib/node_modules/npm/node_modules/npm-registry-client/lib/request.js:264:12)
17 verbose stack     at CachingRegistryClient.<anonymous> (/home/ubuntu/.nvm/versions/node/v4.6.1/lib/node_modules/npm/node_modules/npm-registry-client/lib/request.js:242:14)
17 verbose stack     at Request._callback (/home/ubuntu/.nvm/versions/node/v4.6.1/lib/node_modules/npm/node_modules/npm-registry-client/lib/request.js:172:14)
17 verbose stack     at Request.self.callback (/home/ubuntu/.nvm/versions/node/v4.6.1/lib/node_modules/npm/node_modules/request/request.js:200:22)
17 verbose stack     at emitTwo (events.js:87:13)
17 verbose stack     at Request.emit (events.js:172:7)
17 verbose stack     at Request.<anonymous> (/home/ubuntu/.nvm/versions/node/v4.6.1/lib/node_modules/npm/node_modules/request/request.js:1067:10)
17 verbose stack     at emitOne (events.js:82:20)
17 verbose stack     at Request.emit (events.js:169:7)
17 verbose stack     at IncomingMessage.<anonymous> (/home/ubuntu/.nvm/versions/node/v4.6.1/lib/node_modules/npm/node_modules/request/request.js:988:12)
18 verbose statusCode 403
19 verbose cwd /home/ubuntu/workspace/votingappTest
20 error Linux 4.9.17-c9
21 error argv "/home/ubuntu/.nvm/versions/node/v4.6.1/bin/node" "/home/ubuntu/.nvm/versions/node/v4.6.1/bin/npm" "dist-tag" "ls" "[votingapptest]"
22 error node v4.6.1
23 error npm  v2.15.9
24 error code E403
25 error Registry returned 403 for GET on https://registry.npmjs.org/-/package/[votingapptest]/dist-tags
26 error If you need help, you may report this error at:
26 error     <https://github.com/npm/npm/issues>
27 verbose exit [ 1, true ]
